<?xml version="1.0" encoding="UTF-8"?>
<!-- Generated by org.testng.reporters.JUnitReportReporter -->
<testsuite skipped="0" hostname="Sindhujas-Air.attlocal.net" name="SeleniumTests.OpenGoogleSearchEngine" tests="1" failures="0" timestamp="2021-10-24T16:52:25 EDT" time="1.767" errors="0">
  <testcase name="verifyTitle" time="1.767" classname="SeleniumTests.OpenGoogleSearchEngine"/>
  <system-out/>
</testsuite> <!-- SeleniumTests.OpenGoogleSearchEngine -->
